[20:42:43] [main/INFO]: Setting user: ForgeDevName
[20:42:46] [Client thread/INFO]: LWJGL Version: 2.9.1
[20:42:53] [Client thread/INFO]: Reloading ResourceManager: Default, FMLFileResourcePack:Forge Mod Loader, FMLFileResourcePack:Minecraft Forge, FMLFileResourcePack:Theatre Stuff
[20:42:53] [Client thread/WARN]: ResourcePack: ignored non-lowercase namespace: %s in %s
[20:42:54] [Sound Library Loader/INFO]: Sound engine started
[20:42:57] [Client thread/ERROR]: Using missing texture, unable to load theatrestuff:textures/blocks/blockStaging.png
java.io.FileNotFoundException: theatrestuff:textures/blocks/blockStaging.png
	at net.minecraft.client.resources.SimpleReloadableResourceManager.getResource(SimpleReloadableResourceManager.java:71) ~[SimpleReloadableResourceManager.class:?]
	at net.minecraft.client.renderer.texture.TextureMap.loadTextureAtlas(TextureMap.java:126) [TextureMap.class:?]
	at net.minecraft.client.renderer.texture.TextureMap.loadTexture(TextureMap.java:91) [TextureMap.class:?]
	at net.minecraft.client.renderer.texture.TextureManager.loadTexture(TextureManager.java:89) [TextureManager.class:?]
	at net.minecraft.client.renderer.texture.TextureManager.loadTickableTexture(TextureManager.java:71) [TextureManager.class:?]
	at net.minecraft.client.renderer.texture.TextureManager.loadTextureMap(TextureManager.java:58) [TextureManager.class:?]
	at net.minecraft.client.Minecraft.startGame(Minecraft.java:592) [Minecraft.class:?]
	at net.minecraft.client.Minecraft.run(Minecraft.java:941) [Minecraft.class:?]
	at net.minecraft.client.main.Main.main(Main.java:164) [Main.class:?]
	at sun.reflect.NativeMethodAccessorImpl.invoke0(Native Method) ~[?:1.8.0_11]
	at sun.reflect.NativeMethodAccessorImpl.invoke(NativeMethodAccessorImpl.java:62) ~[?:1.8.0_11]
	at sun.reflect.DelegatingMethodAccessorImpl.invoke(DelegatingMethodAccessorImpl.java:43) ~[?:1.8.0_11]
	at java.lang.reflect.Method.invoke(Method.java:483) ~[?:1.8.0_11]
	at net.minecraft.launchwrapper.Launch.launch(Launch.java:134) [launchwrapper-1.9.jar:?]
	at net.minecraft.launchwrapper.Launch.main(Launch.java:28) [launchwrapper-1.9.jar:?]
	at sun.reflect.NativeMethodAccessorImpl.invoke0(Native Method) ~[?:1.8.0_11]
	at sun.reflect.NativeMethodAccessorImpl.invoke(NativeMethodAccessorImpl.java:62) ~[?:1.8.0_11]
	at sun.reflect.DelegatingMethodAccessorImpl.invoke(DelegatingMethodAccessorImpl.java:43) ~[?:1.8.0_11]
	at java.lang.reflect.Method.invoke(Method.java:483) ~[?:1.8.0_11]
	at GradleStart.bounce(GradleStart.java:108) [start/:?]
	at GradleStart.startClient(GradleStart.java:101) [start/:?]
	at GradleStart.main(GradleStart.java:56) [start/:?]
[20:42:57] [Client thread/INFO]: Created: 512x256 textures/blocks-atlas
[20:42:57] [Client thread/INFO]: Created: 256x256 textures/items-atlas
[20:42:58] [Client thread/INFO]: Reloading ResourceManager: Default, FMLFileResourcePack:Forge Mod Loader, FMLFileResourcePack:Minecraft Forge, FMLFileResourcePack:Theatre Stuff
[20:42:58] [Client thread/WARN]: ResourcePack: ignored non-lowercase namespace: %s in %s
[20:42:58] [Client thread/ERROR]: Using missing texture, unable to load theatrestuff:textures/blocks/blockStaging.png
java.io.FileNotFoundException: theatrestuff:textures/blocks/blockStaging.png
	at net.minecraft.client.resources.SimpleReloadableResourceManager.getResource(SimpleReloadableResourceManager.java:71) ~[SimpleReloadableResourceManager.class:?]
	at net.minecraft.client.renderer.texture.TextureMap.loadTextureAtlas(TextureMap.java:126) [TextureMap.class:?]
	at net.minecraft.client.renderer.texture.TextureMap.loadTexture(TextureMap.java:91) [TextureMap.class:?]
	at net.minecraft.client.renderer.texture.TextureManager.loadTexture(TextureManager.java:89) [TextureManager.class:?]
	at net.minecraft.client.renderer.texture.TextureManager.onResourceManagerReload(TextureManager.java:170) [TextureManager.class:?]
	at net.minecraft.client.resources.SimpleReloadableResourceManager.notifyReloadListeners(SimpleReloadableResourceManager.java:134) [SimpleReloadableResourceManager.class:?]
	at net.minecraft.client.resources.SimpleReloadableResourceManager.reloadResources(SimpleReloadableResourceManager.java:118) [SimpleReloadableResourceManager.class:?]
	at net.minecraft.client.Minecraft.refreshResources(Minecraft.java:653) [Minecraft.class:?]
	at cpw.mods.fml.client.FMLClientHandler.finishMinecraftLoading(FMLClientHandler.java:303) [FMLClientHandler.class:?]
	at net.minecraft.client.Minecraft.startGame(Minecraft.java:596) [Minecraft.class:?]
	at net.minecraft.client.Minecraft.run(Minecraft.java:941) [Minecraft.class:?]
	at net.minecraft.client.main.Main.main(Main.java:164) [Main.class:?]
	at sun.reflect.NativeMethodAccessorImpl.invoke0(Native Method) ~[?:1.8.0_11]
	at sun.reflect.NativeMethodAccessorImpl.invoke(NativeMethodAccessorImpl.java:62) ~[?:1.8.0_11]
	at sun.reflect.DelegatingMethodAccessorImpl.invoke(DelegatingMethodAccessorImpl.java:43) ~[?:1.8.0_11]
	at java.lang.reflect.Method.invoke(Method.java:483) ~[?:1.8.0_11]
	at net.minecraft.launchwrapper.Launch.launch(Launch.java:134) [launchwrapper-1.9.jar:?]
	at net.minecraft.launchwrapper.Launch.main(Launch.java:28) [launchwrapper-1.9.jar:?]
	at sun.reflect.NativeMethodAccessorImpl.invoke0(Native Method) ~[?:1.8.0_11]
	at sun.reflect.NativeMethodAccessorImpl.invoke(NativeMethodAccessorImpl.java:62) ~[?:1.8.0_11]
	at sun.reflect.DelegatingMethodAccessorImpl.invoke(DelegatingMethodAccessorImpl.java:43) ~[?:1.8.0_11]
	at java.lang.reflect.Method.invoke(Method.java:483) ~[?:1.8.0_11]
	at GradleStart.bounce(GradleStart.java:108) [start/:?]
	at GradleStart.startClient(GradleStart.java:101) [start/:?]
	at GradleStart.main(GradleStart.java:56) [start/:?]
[20:42:58] [Client thread/INFO]: Created: 512x256 textures/blocks-atlas
[20:42:58] [Client thread/INFO]: Created: 256x256 textures/items-atlas
[20:42:59] [Sound Library Loader/INFO]: Sound engine started
[20:43:06] [Server thread/INFO]: Starting integrated minecraft server version 1.7.10
[20:43:06] [Server thread/INFO]: Generating keypair
[20:43:07] [Server thread/INFO]: Preparing start region for level 0
[20:43:08] [Server thread/INFO]: Preparing spawn area: 12%
[20:43:09] [Server thread/INFO]: Preparing spawn area: 34%
[20:43:10] [Server thread/INFO]: Preparing spawn area: 64%
[20:43:10] [Server thread/INFO]: Changing view distance to 12, from 10
[20:43:11] [Server thread/INFO]: ForgeDevName[local:E:96cb9338] logged in with entity id 138 at (-191.8613848738916, 78.86512829970259, 126.59854401291041)
[20:43:11] [Server thread/INFO]: ForgeDevName joined the game
[20:43:12] [Server thread/INFO]: Saving and pausing game...
[20:43:13] [Server thread/INFO]: Saving chunks for level 'Test'/Overworld
[20:43:13] [Server thread/INFO]: Saving chunks for level 'Test'/Nether
[20:43:13] [Server thread/INFO]: Saving chunks for level 'Test'/The End
[20:43:22] [Client thread/INFO]: Stopping!
[20:43:22] [Server thread/INFO]: Stopping server
[20:43:22] [Server thread/INFO]: Saving players
[20:43:22] [Server thread/INFO]: Saving worlds
[20:43:22] [Server thread/INFO]: Saving chunks for level 'Test'/Overworld
[20:43:22] [Server thread/INFO]: Saving chunks for level 'Test'/Nether
[20:43:22] [Server thread/INFO]: Saving chunks for level 'Test'/The End
[20:43:22] [Client Shutdown Thread/INFO]: Stopping server
[20:43:22] [Client Shutdown Thread/INFO]: Saving players
